
> foundation-zurb-template@1.0.0 start /home/csmith/website
> gulp

[04:35:40] Using gulpfile ~/website/gulpfile.js
[04:35:40] Starting 'build'...
[04:35:40] Starting 'clean'...
[04:35:40] Finished 'clean' after 8.75 ms
[04:35:40] Starting 'pages'...
[04:35:41] Starting 'sass'...
[04:35:41] Starting 'javascript'...
[04:35:41] Starting 'images'...
[04:35:42] Starting 'copy'...
[04:35:42] Finished 'pages' after 1.34 s
[04:35:42] Finished 'images' after 377 ms
[04:35:42] Finished 'copy' after 217 ms
[04:35:42] Finished 'javascript' after 824 ms
[04:35:43] Finished 'sass' after 2.42 s
[04:35:43] Starting 'styleguide'...
[04:35:43] Finished 'styleguide' after 67 ms
[04:35:43] Finished 'build' after 2.59 s
[04:35:43] Starting 'server'...
[04:35:43] Finished 'server' after 34 ms
[04:35:43] Starting 'default'...
[04:35:43] Finished 'default' after 30 ms
[BS] Access URLs:
 --------------------------------------
       Local: http://localhost:8000
    External: http://208.68.38.142:8000
 --------------------------------------
          UI: http://localhost:3001
 UI External: http://208.68.38.142:3001
 --------------------------------------
[BS] Serving files from: dist
[16:46:29] Starting 'pages:reset'...
gulp.run() has been deprecated. Use task dependencies or gulp.watch task triggering instead.
[16:46:30] Starting 'pages'...
[16:46:30] Finished 'pages:reset' after 47 ms
[BS] Reloading Browsers...
[16:46:30] Finished 'pages' after 90 ms
[16:47:19] Starting 'pages:reset'...
[16:47:19] Starting 'pages'...
[16:47:19] Finished 'pages:reset' after 12 ms
[BS] Reloading Browsers...
[16:47:19] Finished 'pages' after 23 ms
[16:47:25] Starting 'pages:reset'...
[16:47:26] Starting 'pages'...
[16:47:26] Finished 'pages:reset' after 16 ms
[BS] Reloading Browsers...
[16:47:26] Finished 'pages' after 196 ms
[00:02:26] Starting 'pages:reset'...
[00:02:26] Starting 'pages'...
[00:02:26] Finished 'pages:reset' after 71 ms
[BS] Reloading Browsers...
[00:02:26] Finished 'pages' after 88 ms
[00:02:34] Starting 'pages:reset'...
[00:02:34] Starting 'pages'...
[00:02:34] Finished 'pages:reset' after 9.22 ms
[BS] Reloading Browsers...
[00:02:34] Finished 'pages' after 21 ms
[00:02:34] Starting 'pages:reset'...
[00:02:34] Starting 'pages'...
[00:02:34] Finished 'pages:reset' after 7.73 ms
[BS] Reloading Browsers...
[00:02:34] Finished 'pages' after 29 ms
